\BOOKMARK [0][-]{chapter.1}{Introduction}{}% 1
\BOOKMARK [1][-]{section.1.1}{Problem statement}{chapter.1}% 2
\BOOKMARK [1][-]{section.1.2}{State of the art \(working title\)}{chapter.1}% 3
\BOOKMARK [1][-]{section.1.3}{Approach}{chapter.1}% 4
\BOOKMARK [2][-]{subsection.1.3.1}{Goal}{section.1.3}% 5
\BOOKMARK [2][-]{subsection.1.3.2}{Reserch questions}{section.1.3}% 6
\BOOKMARK [2][-]{subsection.1.3.3}{General methodology}{section.1.3}% 7
\BOOKMARK [1][-]{section.1.4}{Organisation of thesis}{chapter.1}% 8
\BOOKMARK [0][-]{chapter.2}{Backgound}{}% 9
\BOOKMARK [1][-]{section.2.1}{Sensor networks/IoT}{chapter.2}% 10
\BOOKMARK [1][-]{section.2.2}{Micro-services}{chapter.2}% 11
\BOOKMARK [1][-]{section.2.3}{Design Science methodology}{chapter.2}% 12
\BOOKMARK [0][-]{chapter.3}{Design of IoT platform architecture}{}% 13
\BOOKMARK [1][-]{section.3.1}{Approach}{chapter.3}% 14
\BOOKMARK [2][-]{subsection.3.1.1}{Problem statement}{section.3.1}% 15
\BOOKMARK [2][-]{subsection.3.1.2}{Requirements}{section.3.1}% 16
\BOOKMARK [2][-]{subsection.3.1.3}{Feature model}{section.3.1}% 17
\BOOKMARK [1][-]{section.3.2}{Solution}{chapter.3}% 18
\BOOKMARK [2][-]{subsection.3.2.1}{Micro-service architecture}{section.3.2}% 19
\BOOKMARK [2][-]{subsection.3.2.2}{Scaffolds for micro-services}{section.3.2}% 20
\BOOKMARK [1][-]{section.3.3}{Discussion}{chapter.3}% 21
\BOOKMARK [0][-]{chapter.4}{Resource Distribution Model}{}% 22
\BOOKMARK [1][-]{section.4.1}{Requirements}{chapter.4}% 23
\BOOKMARK [2][-]{subsection.4.1.1}{Commonality/variablity analysis}{section.4.1}% 24
\BOOKMARK [2][-]{subsection.4.1.2}{Requirements}{section.4.1}% 25
\BOOKMARK [2][-]{subsection.4.1.3}{Justification}{section.4.1}% 26
\BOOKMARK [1][-]{section.4.2}{State-of-the-art}{chapter.4}% 27
\BOOKMARK [1][-]{section.4.3}{Solution}{chapter.4}% 28
\BOOKMARK [2][-]{subsection.4.3.1}{Solution options}{section.4.3}% 29
\BOOKMARK [2][-]{subsection.4.3.2}{Solution choices}{section.4.3}% 30
\BOOKMARK [1][-]{section.4.4}{Design}{chapter.4}% 31
\BOOKMARK [2][-]{subsection.4.4.1}{Model}{section.4.4}% 32
\BOOKMARK [2][-]{subsection.4.4.2}{Solving the model}{section.4.4}% 33
\BOOKMARK [1][-]{section.4.5}{Discussion/evaluation}{chapter.4}% 34
\BOOKMARK [0][-]{chapter.5}{Design method}{}% 35
\BOOKMARK [1][-]{section.5.1}{Adaptation}{chapter.5}% 36
\BOOKMARK [1][-]{section.5.2}{Cycles architecture}{chapter.5}% 37
\BOOKMARK [1][-]{section.5.3}{Cycles RUM}{chapter.5}% 38
\BOOKMARK [0][-]{chapter.6}{Validation by case study}{}% 39
\BOOKMARK [1][-]{section.6.1}{Claims}{chapter.6}% 40
\BOOKMARK [1][-]{section.6.2}{Case study}{chapter.6}% 41
\BOOKMARK [2][-]{subsection.6.2.1}{Background}{section.6.2}% 42
\BOOKMARK [2][-]{subsection.6.2.2}{Description}{section.6.2}% 43
\BOOKMARK [2][-]{subsection.6.2.3}{Implementation}{section.6.2}% 44
\BOOKMARK [1][-]{section.6.3}{Evaluation}{chapter.6}% 45
\BOOKMARK [0][-]{chapter.7}{Conclusion}{}% 46
\BOOKMARK [1][-]{section.7.1}{Discussion}{chapter.7}% 47
\BOOKMARK [1][-]{section.7.2}{Conclusions}{chapter.7}% 48
